Warning[205] C:\USERS\CONNAL\DESKTOP\ROBOT\LCDATA.X\LCDATA.ASM 4 : Found directive in column 1. (list)
Warning[205] C:\USERS\CONNAL\DESKTOP\ROBOT\LCDATA.X\LCDATA.ASM 25 : Found directive in column 1. (cblock)
Warning[205] C:\USERS\CONNAL\DESKTOP\ROBOT\LCDATA.X\LCDATA.ASM 113 : Found directive in column 1. (variable)
Warning[205] C:\USERS\CONNAL\DESKTOP\ROBOT\LCDATA.X\LCDATA.ASM 115 : Found directive in column 1. (udata)
Warning[207] C:\USERS\CONNAL\DESKTOP\ROBOT\LCDATA.X\LCDATA.ASM 116 : Found label after column 1. (COUNTH)
Warning[207] C:\USERS\CONNAL\DESKTOP\ROBOT\LCDATA.X\LCDATA.ASM 117 : Found label after column 1. (COUNTM)
Warning[207] C:\USERS\CONNAL\DESKTOP\ROBOT\LCDATA.X\LCDATA.ASM 118 : Found label after column 1. (COUNTL)
Warning[205] C:\USERS\CONNAL\DESKTOP\ROBOT\LCDATA.X\LCDATA.ASM 119 : Found directive in column 1. (org)
Warning[203] C:\USERS\CONNAL\DESKTOP\ROBOT\LCDATA.X\LCDATA.ASM 120 : Found opcode in column 1. (goto)
Warning[205] C:\USERS\CONNAL\DESKTOP\ROBOT\LCDATA.X\LCDATA.ASM 121 : Found directive in column 1. (org)
Warning[203] C:\USERS\CONNAL\DESKTOP\ROBOT\LCDATA.X\LCDATA.ASM 122 : Found opcode in column 1. (call)
Warning[203] C:\USERS\CONNAL\DESKTOP\ROBOT\LCDATA.X\LCDATA.ASM 123 : Found opcode in column 1. (nop)
Warning[203] C:\USERS\CONNAL\DESKTOP\ROBOT\LCDATA.X\LCDATA.ASM 124 : Found opcode in column 1. (retfie)
Warning[207] C:\USERS\CONNAL\DESKTOP\ROBOT\LCDATA.X\LCDATA.ASM 149 : Found label after column 1. (loop_)
Warning[225] C:\USERS\CONNAL\DESKTOP\ROBOT\LCDATA.X\LCDATA.ASM 782 : Invalid label in operand (rtc_resetAll)
Warning[226] C:\USERS\CONNAL\DESKTOP\ROBOT\LCDATA.X\LCDATA.ASM 782 : Destination address must be word aligned
Warning[207] C:\USERS\CONNAL\DESKTOP\ROBOT\LCDATA.X\LCDATA.ASM 799 : Found label after column 1. (mainwait)
Warning[207] C:\USERS\CONNAL\DESKTOP\ROBOT\LCDATA.X\LCDATA.ASM 804 : Found label after column 1. (arm_drive)
Warning[207] C:\USERS\CONNAL\DESKTOP\ROBOT\LCDATA.X\LCDATA.ASM 807 : Found label after column 1. (retract)
Warning[207] C:\USERS\CONNAL\DESKTOP\ROBOT\LCDATA.X\LCDATA.ASM 149 : Found label after column 1. (loop_)
Warning[207] C:\USERS\CONNAL\DESKTOP\ROBOT\LCDATA.X\LCDATA.ASM 813 : Found label after column 1. (rest)
Warning[207] C:\USERS\CONNAL\DESKTOP\ROBOT\LCDATA.X\LCDATA.ASM 816 : Found label after column 1. (armwait1)
Warning[207] C:\USERS\CONNAL\DESKTOP\ROBOT\LCDATA.X\LCDATA.ASM 820 : Found label after column 1. (d1)
Warning[207] C:\USERS\CONNAL\DESKTOP\ROBOT\LCDATA.X\LCDATA.ASM 823 : Found label after column 1. (driveabit)
Warning[207] C:\USERS\CONNAL\DESKTOP\ROBOT\LCDATA.X\LCDATA.ASM 832 : Found label after column 1. (armwait2)
Warning[207] C:\USERS\CONNAL\DESKTOP\ROBOT\LCDATA.X\LCDATA.ASM 836 : Found label after column 1. (d2)
Warning[207] C:\USERS\CONNAL\DESKTOP\ROBOT\LCDATA.X\LCDATA.ASM 840 : Found label after column 1. (Atestf)
Warning[207] C:\USERS\CONNAL\DESKTOP\ROBOT\LCDATA.X\LCDATA.ASM 849 : Found label after column 1. (Atestb)
Warning[207] C:\USERS\CONNAL\DESKTOP\ROBOT\LCDATA.X\LCDATA.ASM 149 : Found label after column 1. (loop_)
Warning[207] C:\USERS\CONNAL\DESKTOP\ROBOT\LCDATA.X\LCDATA.ASM 149 : Found label after column 1. (loop_)
Warning[207] C:\USERS\CONNAL\DESKTOP\ROBOT\LCDATA.X\LCDATA.ASM 149 : Found label after column 1. (loop_)
Warning[207] C:\USERS\CONNAL\DESKTOP\ROBOT\LCDATA.X\LCDATA.ASM 149 : Found label after column 1. (loop_)
Warning[207] C:\USERS\CONNAL\DESKTOP\ROBOT\LCDATA.X\LCDATA.ASM 149 : Found label after column 1. (loop_)
Warning[207] C:\USERS\CONNAL\DESKTOP\ROBOT\LCDATA.X\LCDATA.ASM 149 : Found label after column 1. (loop_)
Warning[207] C:\USERS\CONNAL\DESKTOP\ROBOT\LCDATA.X\LCDATA.ASM 149 : Found label after column 1. (loop_)
Warning[207] C:\USERS\CONNAL\DESKTOP\ROBOT\LCDATA.X\LCDATA.ASM 149 : Found label after column 1. (loop_)
Warning[207] C:\USERS\CONNAL\DESKTOP\ROBOT\LCDATA.X\LCDATA.ASM 149 : Found label after column 1. (loop_)
Warning[207] C:\USERS\CONNAL\DESKTOP\ROBOT\LCDATA.X\LCDATA.ASM 149 : Found label after column 1. (loop_)
Warning[207] C:\USERS\CONNAL\DESKTOP\ROBOT\LCDATA.X\LCDATA.ASM 149 : Found label after column 1. (loop_)
Warning[207] C:\USERS\CONNAL\DESKTOP\ROBOT\LCDATA.X\LCDATA.ASM 149 : Found label after column 1. (loop_)
Warning[207] C:\USERS\CONNAL\DESKTOP\ROBOT\LCDATA.X\LCDATA.ASM 149 : Found label after column 1. (loop_)
Warning[207] C:\USERS\CONNAL\DESKTOP\ROBOT\LCDATA.X\LCDATA.ASM 149 : Found label after column 1. (loop_)
Warning[207] C:\USERS\CONNAL\DESKTOP\ROBOT\LCDATA.X\LCDATA.ASM 149 : Found label after column 1. (loop_)
Warning[207] C:\USERS\CONNAL\DESKTOP\ROBOT\LCDATA.X\LCDATA.ASM 149 : Found label after column 1. (loop_)
Warning[207] C:\USERS\CONNAL\DESKTOP\ROBOT\LCDATA.X\LCDATA.ASM 149 : Found label after column 1. (loop_)
Warning[207] C:\USERS\CONNAL\DESKTOP\ROBOT\LCDATA.X\LCDATA.ASM 149 : Found label after column 1. (loop_)
Warning[207] C:\USERS\CONNAL\DESKTOP\ROBOT\LCDATA.X\LCDATA.ASM 149 : Found label after column 1. (loop_)
Warning[207] C:\USERS\CONNAL\DESKTOP\ROBOT\LCDATA.X\LCDATA.ASM 149 : Found label after column 1. (loop_)
Warning[207] C:\USERS\CONNAL\DESKTOP\ROBOT\LCDATA.X\LCDATA.ASM 149 : Found label after column 1. (loop_)
Warning[207] C:\USERS\CONNAL\DESKTOP\ROBOT\LCDATA.X\LCDATA.ASM 149 : Found label after column 1. (loop_)
Warning[207] C:\USERS\CONNAL\DESKTOP\ROBOT\LCDATA.X\LCDATA.ASM 149 : Found label after column 1. (loop_)
Warning[207] C:\USERS\CONNAL\DESKTOP\ROBOT\LCDATA.X\LCDATA.ASM 149 : Found label after column 1. (loop_)
Warning[207] C:\USERS\CONNAL\DESKTOP\ROBOT\LCDATA.X\LCDATA.ASM 149 : Found label after column 1. (loop_)
Warning[207] C:\USERS\CONNAL\DESKTOP\ROBOT\LCDATA.X\LCDATA.ASM 149 : Found label after column 1. (loop_)
Warning[207] C:\USERS\CONNAL\DESKTOP\ROBOT\LCDATA.X\LCDATA.ASM 149 : Found label after column 1. (loop_)
Warning[207] C:\USERS\CONNAL\DESKTOP\ROBOT\LCDATA.X\LCDATA.ASM 149 : Found label after column 1. (loop_)
Warning[207] C:\USERS\CONNAL\DESKTOP\ROBOT\LCDATA.X\LCDATA.ASM 149 : Found label after column 1. (loop_)
Warning[207] C:\USERS\CONNAL\DESKTOP\ROBOT\LCDATA.X\LCDATA.ASM 149 : Found label after column 1. (loop_)
Warning[207] C:\USERS\CONNAL\DESKTOP\ROBOT\LCDATA.X\LCDATA.ASM 149 : Found label after column 1. (loop_)
Warning[207] C:\USERS\CONNAL\DESKTOP\ROBOT\LCDATA.X\LCDATA.ASM 149 : Found label after column 1. (loop_)
Warning[207] C:\USERS\CONNAL\DESKTOP\ROBOT\LCDATA.X\LCDATA.ASM 149 : Found label after column 1. (loop_)
Warning[207] C:\USERS\CONNAL\DESKTOP\ROBOT\LCDATA.X\LCDATA.ASM 149 : Found label after column 1. (loop_)
Warning[207] C:\USERS\CONNAL\DESKTOP\ROBOT\LCDATA.X\LCDATA.ASM 149 : Found label after column 1. (loop_)
Warning[207] C:\USERS\CONNAL\DESKTOP\ROBOT\LCDATA.X\LCDATA.ASM 149 : Found label after column 1. (loop_)
Warning[207] C:\USERS\CONNAL\DESKTOP\ROBOT\LCDATA.X\LCDATA.ASM 149 : Found label after column 1. (loop_)
Warning[207] C:\USERS\CONNAL\DESKTOP\ROBOT\LCDATA.X\LCDATA.ASM 149 : Found label after column 1. (loop_)
Warning[207] C:\USERS\CONNAL\DESKTOP\ROBOT\LCDATA.X\LCDATA.ASM 149 : Found label after column 1. (loop_)
Warning[207] C:\USERS\CONNAL\DESKTOP\ROBOT\LCDATA.X\LCDATA.ASM 149 : Found label after column 1. (loop_)
Warning[207] C:\USERS\CONNAL\DESKTOP\ROBOT\LCDATA.X\LCDATA.ASM 149 : Found label after column 1. (loop_)
Warning[207] C:\USERS\CONNAL\DESKTOP\ROBOT\LCDATA.X\LCDATA.ASM 149 : Found label after column 1. (loop_)
Warning[207] C:\USERS\CONNAL\DESKTOP\ROBOT\LCDATA.X\LCDATA.ASM 149 : Found label after column 1. (loop_)
Warning[207] C:\USERS\CONNAL\DESKTOP\ROBOT\LCDATA.X\LCDATA.ASM 149 : Found label after column 1. (loop_)
Warning[207] C:\USERS\CONNAL\DESKTOP\ROBOT\LCDATA.X\LCDATA.ASM 149 : Found label after column 1. (loop_)
Warning[207] C:\USERS\CONNAL\DESKTOP\ROBOT\LCDATA.X\LCDATA.ASM 149 : Found label after column 1. (loop_)
Warning[207] C:\USERS\CONNAL\DESKTOP\ROBOT\LCDATA.X\LCDATA.ASM 149 : Found label after column 1. (loop_)
Warning[207] C:\USERS\CONNAL\DESKTOP\ROBOT\LCDATA.X\LCDATA.ASM 149 : Found label after column 1. (loop_)
Warning[207] C:\USERS\CONNAL\DESKTOP\ROBOT\LCDATA.X\LCDATA.ASM 149 : Found label after column 1. (loop_)
Warning[207] C:\USERS\CONNAL\DESKTOP\ROBOT\LCDATA.X\LCDATA.ASM 149 : Found label after column 1. (loop_)
Warning[207] C:\USERS\CONNAL\DESKTOP\ROBOT\LCDATA.X\LCDATA.ASM 149 : Found label after column 1. (loop_)
Warning[207] C:\USERS\CONNAL\DESKTOP\ROBOT\LCDATA.X\LCDATA.ASM 149 : Found label after column 1. (loop_)
Warning[207] C:\USERS\CONNAL\DESKTOP\ROBOT\LCDATA.X\LCDATA.ASM 149 : Found label after column 1. (loop_)
Warning[207] C:\USERS\CONNAL\DESKTOP\ROBOT\LCDATA.X\LCDATA.ASM 149 : Found label after column 1. (loop_)
Warning[207] C:\USERS\CONNAL\DESKTOP\ROBOT\LCDATA.X\LCDATA.ASM 149 : Found label after column 1. (loop_)
Warning[207] C:\USERS\CONNAL\DESKTOP\ROBOT\LCDATA.X\LCDATA.ASM 149 : Found label after column 1. (loop_)
Warning[207] C:\USERS\CONNAL\DESKTOP\ROBOT\LCDATA.X\LCDATA.ASM 149 : Found label after column 1. (loop_)
Warning[207] C:\USERS\CONNAL\DESKTOP\ROBOT\LCDATA.X\LCDATA.ASM 149 : Found label after column 1. (loop_)
Warning[207] C:\USERS\CONNAL\DESKTOP\ROBOT\LCDATA.X\LCDATA.ASM 149 : Found label after column 1. (loop_)
Warning[207] C:\USERS\CONNAL\DESKTOP\ROBOT\LCDATA.X\LCDATA.ASM 149 : Found label after column 1. (loop_)
Warning[207] C:\USERS\CONNAL\DESKTOP\ROBOT\LCDATA.X\LCDATA.ASM 149 : Found label after column 1. (loop_)
Warning[207] C:\USERS\CONNAL\DESKTOP\ROBOT\LCDATA.X\LCDATA.ASM 149 : Found label after column 1. (loop_)
Warning[207] C:\USERS\CONNAL\DESKTOP\ROBOT\LCDATA.X\LCDATA.ASM 149 : Found label after column 1. (loop_)
Warning[207] C:\USERS\CONNAL\DESKTOP\ROBOT\LCDATA.X\LCDATA.ASM 149 : Found label after column 1. (loop_)
Warning[207] C:\USERS\CONNAL\DESKTOP\ROBOT\LCDATA.X\LCDATA.ASM 149 : Found label after column 1. (loop_)
Warning[207] C:\USERS\CONNAL\DESKTOP\ROBOT\LCDATA.X\LCDATA.ASM 149 : Found label after column 1. (loop_)
Warning[207] C:\USERS\CONNAL\DESKTOP\ROBOT\LCDATA.X\LCDATA.ASM 149 : Found label after column 1. (loop_)
Warning[207] C:\USERS\CONNAL\DESKTOP\ROBOT\LCDATA.X\LCDATA.ASM 149 : Found label after column 1. (loop_)
Warning[207] C:\USERS\CONNAL\DESKTOP\ROBOT\LCDATA.X\LCDATA.ASM 149 : Found label after column 1. (loop_)
Warning[207] C:\USERS\CONNAL\DESKTOP\ROBOT\LCDATA.X\LCDATA.ASM 149 : Found label after column 1. (loop_)
Warning[207] C:\USERS\CONNAL\DESKTOP\ROBOT\LCDATA.X\LCDATA.ASM 149 : Found label after column 1. (loop_)
Warning[207] C:\USERS\CONNAL\DESKTOP\ROBOT\LCDATA.X\LCDATA.ASM 149 : Found label after column 1. (loop_)
Warning[207] C:\USERS\CONNAL\DESKTOP\ROBOT\LCDATA.X\LCDATA.ASM 149 : Found label after column 1. (loop_)
Warning[207] C:\USERS\CONNAL\DESKTOP\ROBOT\LCDATA.X\LCDATA.ASM 149 : Found label after column 1. (loop_)
Warning[207] C:\USERS\CONNAL\DESKTOP\ROBOT\LCDATA.X\LCDATA.ASM 149 : Found label after column 1. (loop_)
Warning[207] C:\USERS\CONNAL\DESKTOP\ROBOT\LCDATA.X\LCDATA.ASM 1545 : Found label after column 1. (l8)
Warning[207] C:\USERS\CONNAL\DESKTOP\ROBOT\LCDATA.X\LCDATA.ASM 149 : Found label after column 1. (loop_)
Warning[207] C:\USERS\CONNAL\DESKTOP\ROBOT\LCDATA.X\LCDATA.ASM 1874 : Found label after column 1. (tloop)
Warning[207] C:\USERS\CONNAL\DESKTOP\ROBOT\LCDATA.X\LCDATA.ASM 1883 : Found label after column 1. (LCD_DELAY)
Warning[205] C:\USERS\CONNAL\DESKTOP\ROBOT\LCDATA.X\LCDATA.ASM 1914 : Found directive in column 1. (END)
