Warning[205] C:\USERS\CONNAL\DESKTOP\ROBOT\LCDATA.X\LCDATA.ASM 4 : Found directive in column 1. (list)
Warning[205] C:\USERS\CONNAL\DESKTOP\ROBOT\LCDATA.X\LCDATA.ASM 25 : Found directive in column 1. (cblock)
Warning[205] C:\USERS\CONNAL\DESKTOP\ROBOT\LCDATA.X\LCDATA.ASM 113 : Found directive in column 1. (variable)
Warning[205] C:\USERS\CONNAL\DESKTOP\ROBOT\LCDATA.X\LCDATA.ASM 115 : Found directive in column 1. (udata)
Warning[207] C:\USERS\CONNAL\DESKTOP\ROBOT\LCDATA.X\LCDATA.ASM 116 : Found label after column 1. (COUNTH)
Warning[207] C:\USERS\CONNAL\DESKTOP\ROBOT\LCDATA.X\LCDATA.ASM 117 : Found label after column 1. (COUNTM)
Warning[207] C:\USERS\CONNAL\DESKTOP\ROBOT\LCDATA.X\LCDATA.ASM 118 : Found label after column 1. (COUNTL)
Warning[205] C:\USERS\CONNAL\DESKTOP\ROBOT\LCDATA.X\LCDATA.ASM 119 : Found directive in column 1. (org)
Warning[203] C:\USERS\CONNAL\DESKTOP\ROBOT\LCDATA.X\LCDATA.ASM 120 : Found opcode in column 1. (goto)
Warning[205] C:\USERS\CONNAL\DESKTOP\ROBOT\LCDATA.X\LCDATA.ASM 121 : Found directive in column 1. (org)
Warning[203] C:\USERS\CONNAL\DESKTOP\ROBOT\LCDATA.X\LCDATA.ASM 122 : Found opcode in column 1. (call)
Warning[203] C:\USERS\CONNAL\DESKTOP\ROBOT\LCDATA.X\LCDATA.ASM 123 : Found opcode in column 1. (nop)
Warning[203] C:\USERS\CONNAL\DESKTOP\ROBOT\LCDATA.X\LCDATA.ASM 124 : Found opcode in column 1. (retfie)
Warning[207] C:\USERS\CONNAL\DESKTOP\ROBOT\LCDATA.X\LCDATA.ASM 806 : Found label after column 1. (mainwait)
Warning[207] C:\USERS\CONNAL\DESKTOP\ROBOT\LCDATA.X\LCDATA.ASM 811 : Found label after column 1. (arm_drive)
Warning[207] C:\USERS\CONNAL\DESKTOP\ROBOT\LCDATA.X\LCDATA.ASM 826 : Found label after column 1. (armwait1)
Warning[207] C:\USERS\CONNAL\DESKTOP\ROBOT\LCDATA.X\LCDATA.ASM 830 : Found label after column 1. (d1)
Warning[207] C:\USERS\CONNAL\DESKTOP\ROBOT\LCDATA.X\LCDATA.ASM 833 : Found label after column 1. (driveabit)
Warning[207] C:\USERS\CONNAL\DESKTOP\ROBOT\LCDATA.X\LCDATA.ASM 844 : Found label after column 1. (armwait2)
Warning[207] C:\USERS\CONNAL\DESKTOP\ROBOT\LCDATA.X\LCDATA.ASM 848 : Found label after column 1. (d2)
Warning[207] C:\USERS\CONNAL\DESKTOP\ROBOT\LCDATA.X\LCDATA.ASM 853 : Found label after column 1. (Atestf)
Warning[207] C:\USERS\CONNAL\DESKTOP\ROBOT\LCDATA.X\LCDATA.ASM 862 : Found label after column 1. (Atestb)
Warning[207] C:\USERS\CONNAL\DESKTOP\ROBOT\LCDATA.X\LCDATA.ASM 149 : Found label after column 1. (loop_)
Warning[207] C:\USERS\CONNAL\DESKTOP\ROBOT\LCDATA.X\LCDATA.ASM 149 : Found label after column 1. (loop_)
Warning[207] C:\USERS\CONNAL\DESKTOP\ROBOT\LCDATA.X\LCDATA.ASM 149 : Found label after column 1. (loop_)
Warning[207] C:\USERS\CONNAL\DESKTOP\ROBOT\LCDATA.X\LCDATA.ASM 149 : Found label after column 1. (loop_)
Warning[207] C:\USERS\CONNAL\DESKTOP\ROBOT\LCDATA.X\LCDATA.ASM 149 : Found label after column 1. (loop_)
Warning[207] C:\USERS\CONNAL\DESKTOP\ROBOT\LCDATA.X\LCDATA.ASM 149 : Found label after column 1. (loop_)
Warning[207] C:\USERS\CONNAL\DESKTOP\ROBOT\LCDATA.X\LCDATA.ASM 149 : Found label after column 1. (loop_)
Warning[207] C:\USERS\CONNAL\DESKTOP\ROBOT\LCDATA.X\LCDATA.ASM 149 : Found label after column 1. (loop_)
Warning[207] C:\USERS\CONNAL\DESKTOP\ROBOT\LCDATA.X\LCDATA.ASM 149 : Found label after column 1. (loop_)
Warning[207] C:\USERS\CONNAL\DESKTOP\ROBOT\LCDATA.X\LCDATA.ASM 149 : Found label after column 1. (loop_)
Warning[207] C:\USERS\CONNAL\DESKTOP\ROBOT\LCDATA.X\LCDATA.ASM 149 : Found label after column 1. (loop_)
Warning[207] C:\USERS\CONNAL\DESKTOP\ROBOT\LCDATA.X\LCDATA.ASM 149 : Found label after column 1. (loop_)
Warning[207] C:\USERS\CONNAL\DESKTOP\ROBOT\LCDATA.X\LCDATA.ASM 149 : Found label after column 1. (loop_)
Warning[207] C:\USERS\CONNAL\DESKTOP\ROBOT\LCDATA.X\LCDATA.ASM 149 : Found label after column 1. (loop_)
Warning[207] C:\USERS\CONNAL\DESKTOP\ROBOT\LCDATA.X\LCDATA.ASM 149 : Found label after column 1. (loop_)
Warning[207] C:\USERS\CONNAL\DESKTOP\ROBOT\LCDATA.X\LCDATA.ASM 149 : Found label after column 1. (loop_)
Warning[207] C:\USERS\CONNAL\DESKTOP\ROBOT\LCDATA.X\LCDATA.ASM 149 : Found label after column 1. (loop_)
Warning[207] C:\USERS\CONNAL\DESKTOP\ROBOT\LCDATA.X\LCDATA.ASM 149 : Found label after column 1. (loop_)
Warning[207] C:\USERS\CONNAL\DESKTOP\ROBOT\LCDATA.X\LCDATA.ASM 149 : Found label after column 1. (loop_)
Warning[207] C:\USERS\CONNAL\DESKTOP\ROBOT\LCDATA.X\LCDATA.ASM 149 : Found label after column 1. (loop_)
Warning[207] C:\USERS\CONNAL\DESKTOP\ROBOT\LCDATA.X\LCDATA.ASM 149 : Found label after column 1. (loop_)
Warning[207] C:\USERS\CONNAL\DESKTOP\ROBOT\LCDATA.X\LCDATA.ASM 149 : Found label after column 1. (loop_)
Warning[207] C:\USERS\CONNAL\DESKTOP\ROBOT\LCDATA.X\LCDATA.ASM 149 : Found label after column 1. (loop_)
Warning[207] C:\USERS\CONNAL\DESKTOP\ROBOT\LCDATA.X\LCDATA.ASM 149 : Found label after column 1. (loop_)
Warning[207] C:\USERS\CONNAL\DESKTOP\ROBOT\LCDATA.X\LCDATA.ASM 149 : Found label after column 1. (loop_)
Warning[207] C:\USERS\CONNAL\DESKTOP\ROBOT\LCDATA.X\LCDATA.ASM 149 : Found label after column 1. (loop_)
Warning[207] C:\USERS\CONNAL\DESKTOP\ROBOT\LCDATA.X\LCDATA.ASM 149 : Found label after column 1. (loop_)
Warning[207] C:\USERS\CONNAL\DESKTOP\ROBOT\LCDATA.X\LCDATA.ASM 149 : Found label after column 1. (loop_)
Warning[207] C:\USERS\CONNAL\DESKTOP\ROBOT\LCDATA.X\LCDATA.ASM 149 : Found label after column 1. (loop_)
Warning[207] C:\USERS\CONNAL\DESKTOP\ROBOT\LCDATA.X\LCDATA.ASM 149 : Found label after column 1. (loop_)
Warning[207] C:\USERS\CONNAL\DESKTOP\ROBOT\LCDATA.X\LCDATA.ASM 149 : Found label after column 1. (loop_)
Warning[207] C:\USERS\CONNAL\DESKTOP\ROBOT\LCDATA.X\LCDATA.ASM 149 : Found label after column 1. (loop_)
Warning[207] C:\USERS\CONNAL\DESKTOP\ROBOT\LCDATA.X\LCDATA.ASM 149 : Found label after column 1. (loop_)
Warning[207] C:\USERS\CONNAL\DESKTOP\ROBOT\LCDATA.X\LCDATA.ASM 149 : Found label after column 1. (loop_)
Warning[207] C:\USERS\CONNAL\DESKTOP\ROBOT\LCDATA.X\LCDATA.ASM 149 : Found label after column 1. (loop_)
Warning[207] C:\USERS\CONNAL\DESKTOP\ROBOT\LCDATA.X\LCDATA.ASM 149 : Found label after column 1. (loop_)
Warning[207] C:\USERS\CONNAL\DESKTOP\ROBOT\LCDATA.X\LCDATA.ASM 149 : Found label after column 1. (loop_)
Warning[207] C:\USERS\CONNAL\DESKTOP\ROBOT\LCDATA.X\LCDATA.ASM 149 : Found label after column 1. (loop_)
Warning[207] C:\USERS\CONNAL\DESKTOP\ROBOT\LCDATA.X\LCDATA.ASM 149 : Found label after column 1. (loop_)
Warning[207] C:\USERS\CONNAL\DESKTOP\ROBOT\LCDATA.X\LCDATA.ASM 149 : Found label after column 1. (loop_)
Warning[207] C:\USERS\CONNAL\DESKTOP\ROBOT\LCDATA.X\LCDATA.ASM 149 : Found label after column 1. (loop_)
Warning[207] C:\USERS\CONNAL\DESKTOP\ROBOT\LCDATA.X\LCDATA.ASM 149 : Found label after column 1. (loop_)
Warning[207] C:\USERS\CONNAL\DESKTOP\ROBOT\LCDATA.X\LCDATA.ASM 149 : Found label after column 1. (loop_)
Warning[207] C:\USERS\CONNAL\DESKTOP\ROBOT\LCDATA.X\LCDATA.ASM 149 : Found label after column 1. (loop_)
Warning[207] C:\USERS\CONNAL\DESKTOP\ROBOT\LCDATA.X\LCDATA.ASM 149 : Found label after column 1. (loop_)
Warning[207] C:\USERS\CONNAL\DESKTOP\ROBOT\LCDATA.X\LCDATA.ASM 149 : Found label after column 1. (loop_)
Warning[207] C:\USERS\CONNAL\DESKTOP\ROBOT\LCDATA.X\LCDATA.ASM 149 : Found label after column 1. (loop_)
Warning[207] C:\USERS\CONNAL\DESKTOP\ROBOT\LCDATA.X\LCDATA.ASM 149 : Found label after column 1. (loop_)
Warning[207] C:\USERS\CONNAL\DESKTOP\ROBOT\LCDATA.X\LCDATA.ASM 149 : Found label after column 1. (loop_)
Warning[207] C:\USERS\CONNAL\DESKTOP\ROBOT\LCDATA.X\LCDATA.ASM 149 : Found label after column 1. (loop_)
Warning[207] C:\USERS\CONNAL\DESKTOP\ROBOT\LCDATA.X\LCDATA.ASM 149 : Found label after column 1. (loop_)
Warning[207] C:\USERS\CONNAL\DESKTOP\ROBOT\LCDATA.X\LCDATA.ASM 149 : Found label after column 1. (loop_)
Warning[207] C:\USERS\CONNAL\DESKTOP\ROBOT\LCDATA.X\LCDATA.ASM 149 : Found label after column 1. (loop_)
Warning[207] C:\USERS\CONNAL\DESKTOP\ROBOT\LCDATA.X\LCDATA.ASM 149 : Found label after column 1. (loop_)
Warning[207] C:\USERS\CONNAL\DESKTOP\ROBOT\LCDATA.X\LCDATA.ASM 149 : Found label after column 1. (loop_)
Warning[207] C:\USERS\CONNAL\DESKTOP\ROBOT\LCDATA.X\LCDATA.ASM 149 : Found label after column 1. (loop_)
Warning[207] C:\USERS\CONNAL\DESKTOP\ROBOT\LCDATA.X\LCDATA.ASM 149 : Found label after column 1. (loop_)
Warning[207] C:\USERS\CONNAL\DESKTOP\ROBOT\LCDATA.X\LCDATA.ASM 149 : Found label after column 1. (loop_)
Warning[207] C:\USERS\CONNAL\DESKTOP\ROBOT\LCDATA.X\LCDATA.ASM 149 : Found label after column 1. (loop_)
Warning[207] C:\USERS\CONNAL\DESKTOP\ROBOT\LCDATA.X\LCDATA.ASM 149 : Found label after column 1. (loop_)
Warning[207] C:\USERS\CONNAL\DESKTOP\ROBOT\LCDATA.X\LCDATA.ASM 149 : Found label after column 1. (loop_)
Warning[207] C:\USERS\CONNAL\DESKTOP\ROBOT\LCDATA.X\LCDATA.ASM 149 : Found label after column 1. (loop_)
Warning[207] C:\USERS\CONNAL\DESKTOP\ROBOT\LCDATA.X\LCDATA.ASM 149 : Found label after column 1. (loop_)
Warning[207] C:\USERS\CONNAL\DESKTOP\ROBOT\LCDATA.X\LCDATA.ASM 149 : Found label after column 1. (loop_)
Warning[207] C:\USERS\CONNAL\DESKTOP\ROBOT\LCDATA.X\LCDATA.ASM 149 : Found label after column 1. (loop_)
Warning[207] C:\USERS\CONNAL\DESKTOP\ROBOT\LCDATA.X\LCDATA.ASM 149 : Found label after column 1. (loop_)
Warning[207] C:\USERS\CONNAL\DESKTOP\ROBOT\LCDATA.X\LCDATA.ASM 149 : Found label after column 1. (loop_)
Warning[207] C:\USERS\CONNAL\DESKTOP\ROBOT\LCDATA.X\LCDATA.ASM 149 : Found label after column 1. (loop_)
Warning[207] C:\USERS\CONNAL\DESKTOP\ROBOT\LCDATA.X\LCDATA.ASM 149 : Found label after column 1. (loop_)
Warning[207] C:\USERS\CONNAL\DESKTOP\ROBOT\LCDATA.X\LCDATA.ASM 149 : Found label after column 1. (loop_)
Warning[207] C:\USERS\CONNAL\DESKTOP\ROBOT\LCDATA.X\LCDATA.ASM 149 : Found label after column 1. (loop_)
Warning[207] C:\USERS\CONNAL\DESKTOP\ROBOT\LCDATA.X\LCDATA.ASM 149 : Found label after column 1. (loop_)
Warning[207] C:\USERS\CONNAL\DESKTOP\ROBOT\LCDATA.X\LCDATA.ASM 149 : Found label after column 1. (loop_)
Warning[207] C:\USERS\CONNAL\DESKTOP\ROBOT\LCDATA.X\LCDATA.ASM 149 : Found label after column 1. (loop_)
Warning[207] C:\USERS\CONNAL\DESKTOP\ROBOT\LCDATA.X\LCDATA.ASM 1582 : Found label after column 1. (l8)
Warning[207] C:\USERS\CONNAL\DESKTOP\ROBOT\LCDATA.X\LCDATA.ASM 149 : Found label after column 1. (loop_)
Warning[207] C:\USERS\CONNAL\DESKTOP\ROBOT\LCDATA.X\LCDATA.ASM 1940 : Found label after column 1. (tloop)
Warning[207] C:\USERS\CONNAL\DESKTOP\ROBOT\LCDATA.X\LCDATA.ASM 1949 : Found label after column 1. (LCD_DELAY)
Warning[205] C:\USERS\CONNAL\DESKTOP\ROBOT\LCDATA.X\LCDATA.ASM 1980 : Found directive in column 1. (END)
